# JRE version: Java(TM) SE Runtime Environment (8.0_102-b14) (build 1.8.0_102-b14)
# Java VM: Java HotSpot(TM) Client VM (25.102-b14 mixed mode windows-x86 )
Heap:
 def new generation   total 4928K, used 88K [0x03c00000, 0x04150000, 0x19150000)
  eden space 4416K,   2% used [0x03c00000, 0x03c161a8, 0x04050000)
  from space 512K,   0% used [0x04050000, 0x04050000, 0x040d0000)
  to   space 512K,   0% used [0x040d0000, 0x040d0000, 0x04150000)
 tenured generation   total 10944K, used 471K [0x19150000, 0x19c00000, 0x43c00000)
   the space 10944K,   4% used [0x19150000, 0x191c5d80, 0x191c5e00, 0x19c00000)
 Metaspace       used 2024K, capacity 2342K, committed 2368K, reserved 6528K
GC Heap History (4 events):
Event: 0.178 GC heap before
{Heap before GC invocations=0 (full 0):
 def new generation   total 4928K, used 1062K [0x03c00000, 0x04150000, 0x19150000)
  eden space 4416K,  24% used [0x03c00000, 0x03d09a08, 0x04050000)
  from space 512K,   0% used [0x04050000, 0x04050000, 0x040d0000)
  to   space 512K,   0% used [0x040d0000, 0x040d0000, 0x04150000)
 tenured generation   total 10944K, used 0K [0x19150000, 0x19c00000, 0x43c00000)
   the space 10944K,   0% used [0x19150000, 0x19150000, 0x19150200, 0x19c00000)
 Metaspace       used 2003K, capacity 2342K, committed 2368K, reserved 6528K
Event: 0.181 GC heap after
Heap after GC invocations=1 (full 1):
 def new generation   total 4928K, used 0K [0x03c00000, 0x04150000, 0x19150000)
  eden space 4416K,   0% used [0x03c00000, 0x03c00000, 0x04050000)
  from space 512K,   0% used [0x04050000, 0x04050000, 0x040d0000)
  to   space 512K,   0% used [0x040d0000, 0x040d0000, 0x04150000)
 tenured generation   total 10944K, used 471K [0x19150000, 0x19c00000, 0x43c00000)
   the space 10944K,   4% used [0x19150000, 0x191c5d80, 0x191c5e00, 0x19c00000)
 Metaspace       used 2003K, capacity 2342K, committed 2368K, reserved 5504K
}
Event: 0.181 GC heap before
{Heap before GC invocations=1 (full 1):
 def new generation   total 4928K, used 0K [0x03c00000, 0x04150000, 0x19150000)
  eden space 4416K,   0% used [0x03c00000, 0x03c00000, 0x04050000)
  from space 512K,   0% used [0x04050000, 0x04050000, 0x040d0000)
  to   space 512K,   0% used [0x040d0000, 0x040d0000, 0x04150000)
 tenured generation   total 10944K, used 471K [0x19150000, 0x19c00000, 0x43c00000)
   the space 10944K,   4% used [0x19150000, 0x191c5d80, 0x191c5e00, 0x19c00000)
 Metaspace       used 2003K, capacity 2342K, committed 2368K, reserved 7552K
Event: 0.183 GC heap after
Heap after GC invocations=2 (full 2):
 def new generation   total 4928K, used 0K [0x03c00000, 0x04150000, 0x19150000)
  eden space 4416K,   0% used [0x03c00000, 0x03c00000, 0x04050000)
  from space 512K,   0% used [0x04050000, 0x04050000, 0x040d0000)
  to   space 512K,   0% used [0x040d0000, 0x040d0000, 0x04150000)
 tenured generation   total 10944K, used 471K [0x19150000, 0x19c00000, 0x43c00000)
   the space 10944K,   4% used [0x19150000, 0x191c5d80, 0x191c5e00, 0x19c00000)
 Metaspace       used 2003K, capacity 2342K, committed 2368K, reserved 5504K
}

