# JRE version: Java(TM) SE Runtime Environment (8.0_102-b14) (build 1.8.0_102-b14)
# Java VM: Java HotSpot(TM) Client VM (25.102-b14 mixed mode windows-x86 )
Heap:
 def new generation   total 4928K, used 3627K [0x03c00000, 0x04150000, 0x19150000)
  eden space 4416K,  70% used [0x03c00000, 0x03f0ae58, 0x04050000)
  from space 512K, 100% used [0x04050000, 0x040d0000, 0x040d0000)
  to   space 512K,   0% used [0x040d0000, 0x040d0000, 0x04150000)
 tenured generation   total 10944K, used 2319K [0x19150000, 0x19c00000, 0x43c00000)
   the space 10944K,  21% used [0x19150000, 0x19393ea0, 0x19394000, 0x19c00000)
 Metaspace       used 3379K, capacity 3462K, committed 3520K, reserved 4480K
GC Heap History (4 events):
Event: 0.648 GC heap before
{Heap before GC invocations=0 (full 0):
 def new generation   total 4928K, used 4416K [0x03c00000, 0x04150000, 0x19150000)
  eden space 4416K, 100% used [0x03c00000, 0x04050000, 0x04050000)
  from space 512K,   0% used [0x04050000, 0x04050000, 0x040d0000)
  to   space 512K,   0% used [0x040d0000, 0x040d0000, 0x04150000)
 tenured generation   total 10944K, used 0K [0x19150000, 0x19c00000, 0x43c00000)
   the space 10944K,   0% used [0x19150000, 0x19150000, 0x19150200, 0x19c00000)
 Metaspace       used 2691K, capacity 2822K, committed 2880K, reserved 4480K
Event: 0.656 GC heap after
Heap after GC invocations=1 (full 0):
 def new generation   total 4928K, used 512K [0x03c00000, 0x04150000, 0x19150000)
  eden space 4416K,   0% used [0x03c00000, 0x03c00000, 0x04050000)
  from space 512K, 100% used [0x040d0000, 0x04150000, 0x04150000)
  to   space 512K,   0% used [0x04050000, 0x04050000, 0x040d0000)
 tenured generation   total 10944K, used 959K [0x19150000, 0x19c00000, 0x43c00000)
   the space 10944K,   8% used [0x19150000, 0x1923ffa8, 0x19240000, 0x19c00000)
 Metaspace       used 2691K, capacity 2822K, committed 2880K, reserved 4480K
}
Event: 0.843 GC heap before
{Heap before GC invocations=1 (full 0):
 def new generation   total 4928K, used 4928K [0x03c00000, 0x04150000, 0x19150000)
  eden space 4416K, 100% used [0x03c00000, 0x04050000, 0x04050000)
  from space 512K, 100% used [0x040d0000, 0x04150000, 0x04150000)
  to   space 512K,   0% used [0x04050000, 0x04050000, 0x040d0000)
 tenured generation   total 10944K, used 959K [0x19150000, 0x19c00000, 0x43c00000)
   the space 10944K,   8% used [0x19150000, 0x1923ffa8, 0x19240000, 0x19c00000)
 Metaspace       used 3361K, capacity 3462K, committed 3520K, reserved 4480K
Event: 0.850 GC heap after
Heap after GC invocations=2 (full 0):
 def new generation   total 4928K, used 512K [0x03c00000, 0x04150000, 0x19150000)
  eden space 4416K,   0% used [0x03c00000, 0x03c00000, 0x04050000)
  from space 512K, 100% used [0x04050000, 0x040d0000, 0x040d0000)
  to   space 512K,   0% used [0x040d0000, 0x040d0000, 0x04150000)
 tenured generation   total 10944K, used 2319K [0x19150000, 0x19c00000, 0x43c00000)
   the space 10944K,  21% used [0x19150000, 0x19393ea0, 0x19394000, 0x19c00000)
 Metaspace       used 3361K, capacity 3462K, committed 3520K, reserved 4480K
}

